<?xml version="1.0" encoding="UTF-8"?>
<!-- Generated by org.testng.reporters.JUnitReportReporter -->
<testsuite hostname="DESKTOP-T6SC6MV" failures="0" tests="1" name="vTiger.CampaignTest.CreateCampaignTest" time="21.536" errors="0" timestamp="2023-03-08T00:19:03 IST" skipped="0">
  <testcase classname="vTiger.CampaignTest.CreateCampaignTest" name="createCampaignTest" time="21.536"/>
  <system-out/>
</testsuite> <!-- vTiger.CampaignTest.CreateCampaignTest -->
