<?xml version="1.0" encoding="UTF-8"?>
<!-- Generated by org.testng.reporters.JUnitReportReporter -->
<testsuite hostname="DESKTOP-T6SC6MV" failures="0" tests="5" name="vTiger.OrganizationTests.CreateOrgWithMultipleTest" time="71.659" errors="0" timestamp="2023-03-09T13:39:56 IST" skipped="0">
  <testcase classname="vTiger.OrganizationTests.CreateOrgWithMultipleTest" name="createMultipleOrgTest" time="14.969"/>
  <system-out/>
  <testcase classname="vTiger.OrganizationTests.CreateOrgWithMultipleTest" name="createMultipleOrgTest" time="15.789"/>
  <system-out/>
  <testcase classname="vTiger.OrganizationTests.CreateOrgWithMultipleTest" name="createMultipleOrgTest" time="13.123"/>
  <system-out/>
  <testcase classname="vTiger.OrganizationTests.CreateOrgWithMultipleTest" name="createMultipleOrgTest" time="13.505"/>
  <system-out/>
  <testcase classname="vTiger.OrganizationTests.CreateOrgWithMultipleTest" name="createMultipleOrgTest" time="14.273"/>
  <system-out/>
</testsuite> <!-- vTiger.OrganizationTests.CreateOrgWithMultipleTest -->
