<?xml version="1.0" encoding="UTF-8"?>
<!-- Generated by org.testng.reporters.JUnitReportReporter -->
<testsuite hostname="DESKTOP-T6SC6MV" failures="0" tests="1" name="vTiger.ContactsTest.CreateContactWithOrgTest" time="61.392" errors="0" timestamp="2023-03-17T13:07:04 IST" skipped="0">
  <testcase classname="vTiger.ContactsTest.CreateContactWithOrgTest" name="createContactWithOrgTest" time="61.392"/>
  <system-out>
    <![CDATA[Click on Org link successfull
Click on Create Org image successfull
Create Org successfull
Click on Contact link successfull
Click on Create Contact Imgage successfull
Create new Contact successfull]]>
  </system-out>
</testsuite> <!-- vTiger.ContactsTest.CreateContactWithOrgTest -->
