<?xml version="1.0" encoding="UTF-8"?>
<!-- Generated by org.testng.reporters.JUnitReportReporter -->
<testsuite hostname="DESKTOP-T6SC6MV" failures="0" tests="5" name="vTiger.OrganizationTests.CreateOrgWithMultipleTest" time="105.288" errors="0" timestamp="2023-03-17T13:17:32 IST" skipped="0">
  <testcase classname="vTiger.OrganizationTests.CreateOrgWithMultipleTest" name="createMultipleOrgTest" time="23.871"/>
  <system-out/>
  <testcase classname="vTiger.OrganizationTests.CreateOrgWithMultipleTest" name="createMultipleOrgTest" time="20.648"/>
  <system-out/>
  <testcase classname="vTiger.OrganizationTests.CreateOrgWithMultipleTest" name="createMultipleOrgTest" time="20.179"/>
  <system-out/>
  <testcase classname="vTiger.OrganizationTests.CreateOrgWithMultipleTest" name="createMultipleOrgTest" time="19.459"/>
  <system-out/>
  <testcase classname="vTiger.OrganizationTests.CreateOrgWithMultipleTest" name="createMultipleOrgTest" time="21.131"/>
  <system-out/>
</testsuite> <!-- vTiger.OrganizationTests.CreateOrgWithMultipleTest -->
