<?xml version="1.0" encoding="UTF-8"?>
<!-- Generated by org.testng.reporters.JUnitReportReporter -->
<testsuite hostname="DESKTOP-T6SC6MV" failures="0" tests="1" name="vTiger.ContactsTest.CreateContactsTest" time="16.696" errors="0" timestamp="2023-03-17T15:07:55 IST" skipped="0">
  <testcase classname="vTiger.ContactsTest.CreateContactsTest" name="createContactTest" time="16.696"/>
  <system-out>
    <![CDATA[Click on contact link successfull
Click on create contact image successfull
create new contact successfull]]>
  </system-out>
</testsuite> <!-- vTiger.ContactsTest.CreateContactsTest -->
