<?xml version="1.0" encoding="UTF-8"?>
<!-- Generated by org.testng.reporters.JUnitReportReporter -->
<testsuite hostname="DESKTOP-T6SC6MV" failures="0" tests="3" name="practice.DataProviderPractice" time="0.014" errors="0" timestamp="2023-03-09T12:43:03 IST" skipped="0">
  <testcase classname="practice.DataProviderPractice" name="dataProviderPractice" time="0.009"/>
  <system-out/>
  <testcase classname="practice.DataProviderPractice" name="dataProviderPractice" time="0.003"/>
  <system-out/>
  <testcase classname="practice.DataProviderPractice" name="dataProviderPractice" time="0.002"/>
  <system-out/>
</testsuite> <!-- practice.DataProviderPractice -->
