<?xml version="1.0" encoding="UTF-8"?>
<!-- Generated by org.testng.reporters.JUnitReportReporter -->
<testsuite hostname="DESKTOP-T6SC6MV" failures="0" tests="1" name="vTiger.ContactsTest.CreateContactWithOrgTest" time="25.107" errors="0" timestamp="2023-03-02T15:09:53 IST" skipped="0">
  <testcase classname="vTiger.ContactsTest.CreateContactWithOrgTest" name="createContactWithOrgTest" time="25.107"/>
  <system-out/>
</testsuite> <!-- vTiger.ContactsTest.CreateContactWithOrgTest -->
