<?xml version="1.0" encoding="UTF-8"?>
<!-- Generated by org.testng.reporters.JUnitReportReporter -->
<testsuite hostname="DESKTOP-T6SC6MV" failures="0" tests="1" name="vTiger.OrganizationTests.CreateOrganization" time="22.783" errors="0" timestamp="2023-02-28T13:40:09 IST" skipped="0">
  <testcase classname="vTiger.OrganizationTests.CreateOrganization" name="createOrganizationTest" time="22.783"/>
  <system-out/>
</testsuite> <!-- vTiger.OrganizationTests.CreateOrganization -->
