<?xml version="1.0" encoding="UTF-8"?>
<!-- Generated by org.testng.reporters.JUnitReportReporter -->
<testsuite hostname="DESKTOP-T6SC6MV" failures="0" tests="2" name="vTiger.OrganizationTests.CreateOrganization" time="60.255" errors="0" timestamp="2023-03-09T12:47:44 IST" skipped="0">
  <testcase classname="vTiger.OrganizationTests.CreateOrganization" name="createOrganizationTest" time="43.590"/>
  <system-out/>
  <testcase classname="vTiger.OrganizationTests.CreateOrganization" name="demo" time="16.665"/>
  <system-out/>
</testsuite> <!-- vTiger.OrganizationTests.CreateOrganization -->
