<?xml version="1.0" encoding="UTF-8"?>
<!-- Generated by org.testng.reporters.JUnitReportReporter -->
<testsuite hostname="DESKTOP-T6SC6MV" failures="0" tests="1" name="vTiger.ProductsTests.CreateProductTest" time="13.397" errors="0" timestamp="2023-03-03T02:15:48 IST" skipped="0">
  <testcase classname="vTiger.ProductsTests.CreateProductTest" name="createProductTest" time="13.397"/>
  <system-out/>
</testsuite> <!-- vTiger.ProductsTests.CreateProductTest -->
