<?xml version="1.0" encoding="UTF-8"?>
<!-- Generated by org.testng.reporters.JUnitReportReporter -->
<testsuite hostname="DESKTOP-T6SC6MV" failures="0" tests="1" name="vTiger.ContactsTest.CreateContactsTest" time="35.583" errors="0" timestamp="2023-03-02T14:57:54 IST" skipped="0">
  <testcase classname="vTiger.ContactsTest.CreateContactsTest" name="createContactTest" time="35.583"/>
  <system-out/>
</testsuite> <!-- vTiger.ContactsTest.CreateContactsTest -->
