<?xml version="1.0" encoding="UTF-8"?>
<!-- Generated by org.testng.reporters.JUnitReportReporter -->
<testsuite hostname="DESKTOP-T6SC6MV" failures="0" tests="1" name="vTiger.ContactsTest.CreateContactWithOrgTest" time="52.650" errors="0" timestamp="2023-03-06T13:19:33 IST" skipped="0">
  <testcase classname="vTiger.ContactsTest.CreateContactWithOrgTest" name="createContactWithOrgTest" time="52.650"/>
  <system-out/>
</testsuite> <!-- vTiger.ContactsTest.CreateContactWithOrgTest -->
