<?xml version="1.0" encoding="UTF-8"?>
<!-- Generated by org.testng.reporters.JUnitReportReporter -->
<testsuite hostname="DESKTOP-T6SC6MV" failures="0" tests="1" name="vTiger.ContactsTest.CreateContactWithOrg" time="59.678" errors="0" timestamp="2023-02-28T13:38:07 IST" skipped="0">
  <testcase classname="vTiger.ContactsTest.CreateContactWithOrg" name="createContactWithOrgTest" time="59.678"/>
  <system-out/>
</testsuite> <!-- vTiger.ContactsTest.CreateContactWithOrg -->
