<?xml version="1.0" encoding="UTF-8"?>
<!-- Generated by org.testng.reporters.JUnitReportReporter -->
<testsuite hostname="DESKTOP-T6SC6MV" failures="0" tests="1" name="vTiger.OrganizationTests.CreateOrganizationTest" time="37.828" errors="0" timestamp="2023-03-30T00:51:34 IST" skipped="0">
  <testcase classname="vTiger.OrganizationTests.CreateOrganizationTest" name="createOrganizationTest" time="37.828"/>
  <system-out/>
</testsuite> <!-- vTiger.OrganizationTests.CreateOrganizationTest -->
